<?xml version="1.0" encoding="UTF-8"?>
<!-- Generated by org.testng.reporters.JUnitReportReporter -->
<testsuite skipped="0" hostname="DESKTOP-2GGGMUB" name="com.geico.stepDefinitions.Test1" tests="2" failures="0" timestamp="13 Jul 2018 16:59:40 GMT" time="24.310" errors="0">
  <testcase name="loginTest" time="12.298" classname="com.geico.stepDefinitions.Test1"/>
  <testcase name="quoteTest" time="12.012" classname="com.geico.stepDefinitions.Test1"/>
</testsuite> <!-- com.geico.stepDefinitions.Test1 -->
